<?xml version="1.0" encoding="UTF-8"?>
<!-- Generated by org.testng.reporters.JUnitReportReporter -->
<testsuite hostname="DESKTOP-LNRUB0I" failures="0" tests="1" name="module1.Mytest1" time="4.850" errors="0" timestamp="2024-03-17T20:59:21 IST" skipped="0">
  <testcase classname="module1.Mytest1" name="demo" time="4.850"/>
</testsuite> <!-- module1.Mytest1 -->
